2018-03-11T12:46:23.106Z: GET /users/login
2018-03-11T12:46:25.651Z: OPTIONS /blogs
2018-03-11T12:46:25.653Z: OPTIONS /users/logged
2018-03-11T12:46:25.786Z: GET /blogs
2018-03-11T12:46:25.789Z: GET /users/logged
2018-03-11T12:46:31.391Z: OPTIONS /users/login
2018-03-11T12:46:31.420Z: POST /users/login
2018-03-11T12:46:31.606Z: OPTIONS /blogs
2018-03-11T12:46:31.626Z: GET /blogs
2018-03-11T12:46:34.993Z: OPTIONS /users/logout
2018-03-11T12:46:34.999Z: GET /users/logout
2018-03-11T12:46:35.020Z: OPTIONS /login
2018-03-11T12:46:35.025Z: GET /login
2018-03-11T12:46:48.938Z: OPTIONS /blogs
2018-03-11T12:46:48.939Z: OPTIONS /users/logged
2018-03-11T12:46:49.096Z: GET /blogs
2018-03-11T12:46:49.100Z: GET /users/logged
2018-03-11T12:46:51.097Z: GET /blogs
2018-03-11T12:46:51.100Z: GET /users/logged
2018-03-11T12:46:55.261Z: OPTIONS /users/login
2018-03-11T12:46:55.266Z: POST /users/login
2018-03-11T12:46:55.412Z: OPTIONS /blogs
2018-03-11T12:46:55.427Z: GET /blogs
2018-03-11T12:46:58.118Z: OPTIONS /users/logged
2018-03-11T12:46:58.120Z: GET /blogs
2018-03-11T12:46:58.252Z: GET /users/logged
2018-03-11T12:46:59.492Z: GET /blogs
2018-03-11T12:46:59.496Z: GET /users/logged
2018-03-11T12:47:03.017Z: OPTIONS /blogs/5aa520c351200c390337a5f2
2018-03-11T12:47:03.025Z: DELETE /blogs/5aa520c351200c390337a5f2
2018-03-11T12:47:03.034Z: OPTIONS /blogs
2018-03-11T12:47:03.039Z: GET /blogs
2018-03-11T12:47:15.535Z: OPTIONS /blogs
2018-03-11T12:47:15.541Z: POST /blogs
2018-03-11T12:47:15.562Z: GET /blogs
2018-03-11T12:47:27.463Z: OPTIONS /users/logout
2018-03-11T12:47:27.468Z: GET /users/logout
2018-03-11T12:47:27.472Z: OPTIONS /login
2018-03-11T12:47:27.476Z: GET /login
2018-03-11T12:50:06.316Z: GET /login
2018-03-11T12:50:27.979Z: OPTIONS /users/logout
2018-03-11T12:50:27.983Z: GET /users/logout
2018-03-11T12:50:27.987Z: OPTIONS /login
2018-03-11T12:50:27.990Z: GET /login
2018-03-11T12:50:29.527Z: GET /users/logout
2018-03-11T12:50:29.531Z: GET /login
2018-03-11T12:50:31.911Z: GET /users/logout
2018-03-11T12:50:31.915Z: GET /login
2018-03-11T12:50:32.251Z: GET /users/logout
2018-03-11T12:50:32.256Z: GET /login
2018-03-11T12:50:32.709Z: OPTIONS /blogs
2018-03-11T12:50:32.710Z: OPTIONS /users/logged
2018-03-11T12:50:32.808Z: GET /blogs
2018-03-11T12:50:32.809Z: GET /users/logged
2018-03-11T12:50:38.624Z: OPTIONS /users/login
2018-03-11T12:50:38.628Z: POST /users/login
2018-03-11T12:50:38.763Z: OPTIONS /blogs
2018-03-11T12:50:38.775Z: GET /blogs
2018-03-11T12:51:13.700Z: OPTIONS /users/logout
2018-03-11T12:51:13.705Z: GET /users/logout
2018-03-11T12:51:13.709Z: OPTIONS /login
2018-03-11T12:51:13.712Z: GET /login
2018-03-11T12:51:24.920Z: OPTIONS /users/logout
2018-03-11T12:51:24.925Z: GET /users/logout
2018-03-11T12:51:24.928Z: OPTIONS /login
2018-03-11T12:51:24.932Z: GET /login
2018-03-11T12:53:21.103Z: OPTIONS /users/logout
2018-03-11T12:53:21.108Z: GET /users/logout
2018-03-11T12:53:21.113Z: OPTIONS /login
2018-03-11T12:53:21.118Z: GET /login
2018-03-11T13:02:30.299Z: OPTIONS /blogs
2018-03-11T13:02:30.301Z: OPTIONS /users/logged
2018-03-11T13:02:30.498Z: GET /blogs
2018-03-11T13:02:30.501Z: GET /users/logged
2018-03-11T13:02:41.145Z: OPTIONS /users/login
2018-03-11T13:02:41.149Z: POST /users/login
2018-03-11T13:02:41.289Z: OPTIONS /blogs
2018-03-11T13:02:41.302Z: GET /blogs
2018-03-11T13:02:46.040Z: OPTIONS /users/logged
2018-03-11T13:02:46.041Z: GET /blogs
2018-03-11T13:02:46.083Z: GET /users/logged
2018-03-11T13:02:47.299Z: OPTIONS /blogs
2018-03-11T13:02:47.301Z: GET /users/logged
2018-03-11T13:02:47.439Z: GET /blogs
2018-03-11T13:02:48.610Z: OPTIONS /users/logout
2018-03-11T13:02:48.616Z: GET /users/logout
2018-03-11T13:02:48.620Z: OPTIONS /login
2018-03-11T13:02:48.625Z: GET /login
2018-03-11T13:07:50.204Z: OPTIONS /users/logout
2018-03-11T13:07:50.209Z: GET /users/logout
2018-03-11T13:07:50.213Z: OPTIONS /login
2018-03-11T13:07:50.216Z: GET /login
2018-03-11T13:07:51.547Z: OPTIONS /blogs
2018-03-11T13:07:51.549Z: OPTIONS /users/logged
2018-03-11T13:07:51.581Z: GET /blogs
2018-03-11T13:07:51.594Z: GET /users/logged
2018-03-11T13:22:00.641Z: OPTIONS /users/logged
2018-03-11T13:22:00.824Z: GET /users/logged
2018-03-11T13:22:02.571Z: GET /users/logged
2018-03-11T13:22:03.764Z: GET /users/logged
2018-03-11T13:24:17.820Z: OPTIONS /blogs
2018-03-11T13:24:17.821Z: OPTIONS /users/logged
2018-03-11T13:24:17.911Z: GET /blogs
2018-03-11T13:24:17.994Z: GET /users/logged
2018-03-11T13:24:52.882Z: OPTIONS /blogs
2018-03-11T13:24:52.885Z: OPTIONS /users/logged
2018-03-11T13:24:52.986Z: GET /blogs
2018-03-11T13:24:52.990Z: GET /users/logged
2018-03-11T13:24:53.664Z: GET /blogs
2018-03-11T13:24:53.666Z: GET /users/logged
2018-03-11T13:25:07.277Z: OPTIONS /blogs
2018-03-11T13:25:07.280Z: OPTIONS /users/logged
2018-03-11T13:25:07.426Z: GET /blogs
2018-03-11T13:25:07.427Z: GET /users/logged
2018-03-11T13:25:16.043Z: OPTIONS /blogs
2018-03-11T13:25:16.045Z: OPTIONS /users/logged
2018-03-11T13:25:16.199Z: GET /blogs
2018-03-11T13:25:16.203Z: GET /users/logged
2018-03-11T13:25:48.978Z: OPTIONS /blogs
2018-03-11T13:25:48.980Z: OPTIONS /users/logged
2018-03-11T13:25:48.992Z: GET /blogs
2018-03-11T13:25:48.998Z: GET /users/logged
2018-03-11T13:25:52.347Z: GET /blogs
2018-03-11T13:26:00.603Z: OPTIONS /blogs
2018-03-11T13:26:00.612Z: GET /blogs
2018-03-11T13:26:11.724Z: GET /
2018-03-11T13:26:14.719Z: GET /
2018-03-11T13:26:47.571Z: OPTIONS /blogs
2018-03-11T13:26:47.576Z: POST /blogs
2018-03-11T13:27:28.368Z: OPTIONS /blogs
2018-03-11T13:27:28.384Z: OPTIONS /users/logged
2018-03-11T13:27:28.418Z: GET /blogs
2018-03-11T13:27:28.421Z: GET /users/logged
2018-03-11T13:28:11.493Z: OPTIONS /blogs
2018-03-11T13:28:11.501Z: OPTIONS /users/logged
2018-03-11T13:28:11.604Z: GET /blogs
2018-03-11T13:28:11.613Z: GET /users/logged
2018-03-11T13:28:18.458Z: OPTIONS /users/logged
2018-03-11T13:28:18.629Z: GET /users/logged
2018-03-11T13:28:22.469Z: OPTIONS /users/login
2018-03-11T13:28:22.497Z: POST /users/login
2018-03-11T13:29:05.239Z: POST /users/login
2018-03-11T13:30:04.289Z: POST /users/login
2018-03-11T13:30:10.625Z: POST /users/login
2018-03-11T13:30:39.484Z: POST /users/login
2018-03-11T13:30:49.921Z: POST /users/login
2018-03-11T13:38:42.094Z: OPTIONS /users/login
2018-03-11T13:38:42.123Z: POST /users/login
2018-03-11T13:38:43.175Z: OPTIONS /users/logged
2018-03-11T13:38:43.327Z: GET /users/logged
2018-03-11T13:38:48.324Z: OPTIONS /users/login
2018-03-11T13:38:48.330Z: POST /users/login
2018-03-11T13:38:50.691Z: OPTIONS /blogs
2018-03-11T13:38:50.702Z: GET /blogs
2018-03-11T13:38:55.549Z: POST /blogs
2018-03-11T13:39:05.039Z: OPTIONS /users/login
2018-03-11T13:39:05.047Z: POST /users/login
2018-03-11T13:41:40.099Z: GET /
2018-03-11T13:41:41.866Z: GET /
2018-03-11T13:42:02.915Z: GET /login
2018-03-11T13:42:04.386Z: GET /login
2018-03-11T13:44:40.995Z: OPTIONS /blogs
2018-03-11T13:44:41.009Z: OPTIONS /users/logged
2018-03-11T13:44:41.022Z: GET /blogs
2018-03-11T13:44:41.025Z: GET /users/logged
2018-03-11T13:44:45.591Z: OPTIONS /users/login
2018-03-11T13:44:45.620Z: POST /users/login
2018-03-11T13:44:45.817Z: GET /blogs
2018-03-11T13:44:47.661Z: OPTIONS /users/logout
2018-03-11T13:44:47.667Z: GET /users/logout
2018-03-11T13:44:47.683Z: OPTIONS /login
2018-03-11T13:44:47.689Z: GET /login
2018-03-11T13:44:55.781Z: OPTIONS /users/logout
2018-03-11T13:44:55.785Z: GET /users/logout
2018-03-11T13:44:55.789Z: OPTIONS /login
2018-03-11T13:44:55.793Z: GET /login
2018-03-11T13:45:00.053Z: GET /users/logout
2018-03-11T13:45:00.058Z: GET /login
2018-03-11T13:45:00.750Z: GET /users/logout
2018-03-11T13:45:00.755Z: GET /login
2018-03-11T13:45:01.286Z: OPTIONS /users/logout
2018-03-11T13:45:01.290Z: GET /users/logout
2018-03-11T13:45:01.294Z: OPTIONS /login
2018-03-11T13:45:01.298Z: GET /login
2018-03-11T13:45:02.809Z: OPTIONS /blogs
2018-03-11T13:45:02.811Z: OPTIONS /users/logged
2018-03-11T13:45:02.945Z: GET /blogs
2018-03-11T13:45:02.949Z: GET /users/logged
2018-03-11T13:45:08.455Z: OPTIONS /users/login
2018-03-11T13:45:08.461Z: POST /users/login
2018-03-11T13:45:08.603Z: OPTIONS /blogs
2018-03-11T13:45:08.614Z: GET /blogs
2018-03-11T13:45:23.397Z: OPTIONS /blogs
2018-03-11T13:45:23.399Z: OPTIONS /users/logged
2018-03-11T13:45:23.537Z: GET /blogs
2018-03-11T13:45:23.543Z: GET /users/logged
2018-03-11T13:45:24.423Z: GET /blogs
2018-03-11T13:45:24.424Z: GET /users/logged
2018-03-11T13:45:25.822Z: GET /blogs
2018-03-11T13:45:25.823Z: GET /users/logged
2018-03-11T13:45:26.605Z: GET /blogs
2018-03-11T13:45:26.606Z: GET /users/logged
2018-03-11T13:45:33.322Z: OPTIONS /blogs
2018-03-11T13:45:33.328Z: POST /blogs
2018-03-11T13:45:33.348Z: GET /blogs
2018-03-11T13:45:43.626Z: OPTIONS /blogs
2018-03-11T13:45:43.632Z: POST /blogs
2018-03-11T13:45:43.642Z: GET /blogs
2018-03-11T13:46:03.148Z: OPTIONS /users/logout
2018-03-11T13:46:03.153Z: GET /users/logout
2018-03-11T13:46:03.157Z: OPTIONS /login
2018-03-11T13:46:03.160Z: GET /login
2018-03-11T13:50:08.195Z: OPTIONS /users/logout
2018-03-11T13:50:08.200Z: GET /users/logout
2018-03-11T13:50:08.203Z: OPTIONS /login
2018-03-11T13:50:08.206Z: GET /login
2018-03-11T13:50:38.777Z: OPTIONS /users/logout
2018-03-11T13:50:38.782Z: GET /users/logout
2018-03-11T13:50:38.785Z: OPTIONS /login
2018-03-11T13:50:38.789Z: GET /login
2018-03-11T13:51:20.942Z: GET /login
2018-03-11T13:51:29.752Z: OPTIONS /blogs
2018-03-11T13:51:29.753Z: OPTIONS /users/logged
2018-03-11T13:51:29.785Z: GET /blogs
2018-03-11T13:51:29.793Z: GET /users/logged
2018-03-11T13:51:35.055Z: OPTIONS /users/login
2018-03-11T13:51:35.059Z: POST /users/login
2018-03-11T13:51:35.196Z: OPTIONS /blogs
2018-03-11T13:51:35.209Z: GET /blogs
2018-03-11T13:51:36.533Z: OPTIONS /users/logout
2018-03-11T13:51:36.539Z: GET /users/logout
2018-03-11T13:51:36.543Z: OPTIONS /login
2018-03-11T13:51:36.547Z: GET /login
2018-03-11T13:51:42.250Z: OPTIONS /blogs
2018-03-11T13:51:42.251Z: OPTIONS /users/logged
2018-03-11T13:51:42.280Z: GET /blogs
2018-03-11T13:51:42.293Z: GET /users/logged
2018-03-11T13:51:50.616Z: OPTIONS /users/login
2018-03-11T13:51:50.621Z: POST /users/login
2018-03-11T13:51:50.755Z: OPTIONS /blogs
2018-03-11T13:51:50.771Z: GET /blogs
2018-03-11T13:51:56.311Z: OPTIONS /users/logout
2018-03-11T13:51:56.317Z: GET /users/logout
2018-03-11T13:51:56.321Z: OPTIONS /login
2018-03-11T13:51:56.325Z: GET /login
2018-03-11T13:52:01.342Z: OPTIONS /blogs
2018-03-11T13:52:01.343Z: OPTIONS /users/logged
2018-03-11T13:52:01.477Z: GET /blogs
2018-03-11T13:52:01.481Z: GET /users/logged
2018-03-11T13:52:08.725Z: OPTIONS /users/login
2018-03-11T13:52:08.732Z: POST /users/login
2018-03-11T13:52:08.867Z: OPTIONS /blogs
2018-03-11T13:52:08.883Z: GET /blogs
2018-03-11T13:52:15.839Z: OPTIONS /blogs
2018-03-11T13:52:15.841Z: OPTIONS /users/logged
2018-03-11T13:52:15.997Z: GET /blogs
2018-03-11T13:52:16.007Z: GET /users/logged
2018-03-11T13:52:18.504Z: GET /blogs
2018-03-11T13:52:18.505Z: GET /users/logged
2018-03-11T13:52:23.052Z: OPTIONS /users/logged
2018-03-11T13:52:23.078Z: GET /users/logged
2018-03-11T13:52:26.138Z: OPTIONS /blogs
2018-03-11T13:53:12.567Z: OPTIONS /users/logout
2018-03-11T13:53:12.573Z: GET /users/logout
2018-03-11T13:53:12.576Z: OPTIONS /login
2018-03-11T13:53:12.580Z: GET /login
2018-03-11T13:53:15.448Z: OPTIONS /blogs
2018-03-11T13:53:15.449Z: OPTIONS /users/logged
2018-03-11T13:53:15.622Z: GET /blogs
2018-03-11T13:53:15.631Z: GET /users/logged
2018-03-11T13:53:29.454Z: OPTIONS /blogs
2018-03-11T13:53:29.464Z: OPTIONS /users/logged
2018-03-11T13:53:29.681Z: GET /blogs
2018-03-11T13:53:29.683Z: GET /users/logged
2018-03-11T13:53:33.281Z: OPTIONS /users/login
2018-03-11T13:53:33.308Z: POST /users/login
2018-03-11T13:53:33.478Z: GET /blogs
2018-03-11T13:53:34.388Z: OPTIONS /users/logout
2018-03-11T13:53:34.393Z: GET /users/logout
2018-03-11T13:53:36.427Z: OPTIONS /blogs
2018-03-11T13:53:36.429Z: OPTIONS /users/logged
2018-03-11T13:53:36.566Z: GET /blogs
2018-03-11T13:53:36.571Z: GET /users/logged
2018-03-11T13:53:37.539Z: GET /blogs
2018-03-11T13:53:37.541Z: GET /users/logged
2018-03-11T13:53:39.404Z: GET /blogs
2018-03-11T13:53:39.406Z: GET /users/logged
2018-03-11T13:53:41.228Z: OPTIONS /users/logout
2018-03-11T13:53:41.233Z: GET /users/logout
2018-03-11T13:53:42.877Z: OPTIONS /blogs
2018-03-11T13:53:42.878Z: OPTIONS /users/logged
2018-03-11T13:53:43.044Z: GET /blogs
2018-03-11T13:53:43.048Z: GET /users/logged
2018-03-11T13:53:44.362Z: GET /blogs
2018-03-11T13:53:44.365Z: GET /users/logged
2018-03-11T13:53:45.153Z: GET /users/logout
2018-03-11T13:53:47.619Z: GET /blogs
2018-03-11T13:53:47.620Z: GET /users/logged
2018-03-11T13:53:49.570Z: OPTIONS /users/logout
2018-03-11T13:53:49.576Z: GET /users/logout
2018-03-11T13:53:58.184Z: OPTIONS /blogs
2018-03-11T13:53:58.185Z: OPTIONS /users/logged
2018-03-11T13:53:58.224Z: GET /blogs
2018-03-11T13:53:58.241Z: GET /users/logged
2018-03-11T13:54:05.287Z: OPTIONS /blogs
2018-03-11T13:54:05.295Z: OPTIONS /users/logged
2018-03-11T13:54:05.511Z: GET /blogs
2018-03-11T13:54:05.515Z: GET /users/logged
2018-03-11T13:54:07.877Z: GET /blogs
2018-03-11T13:54:07.879Z: GET /users/logged
2018-03-11T13:54:14.468Z: OPTIONS /users/login
2018-03-11T13:54:14.495Z: POST /users/login
2018-03-11T13:54:14.663Z: OPTIONS /blogs
2018-03-11T13:54:14.682Z: GET /blogs
2018-03-11T13:54:16.652Z: OPTIONS /users/logout
2018-03-11T13:54:16.658Z: GET /users/logout
2018-03-11T13:54:16.673Z: OPTIONS /
2018-03-11T13:54:16.677Z: GET /
2018-03-11T13:54:31.916Z: OPTIONS /blogs
2018-03-11T13:54:31.918Z: OPTIONS /users/logged
2018-03-11T13:54:32.062Z: GET /blogs
2018-03-11T13:54:32.066Z: GET /users/logged
2018-03-11T13:54:49.834Z: OPTIONS /blogs
2018-03-11T13:54:49.881Z: OPTIONS /users/logged
2018-03-11T13:54:49.920Z: GET /blogs
2018-03-11T13:54:49.926Z: GET /users/logged
2018-03-11T13:54:59.429Z: OPTIONS /users/login
2018-03-11T13:54:59.458Z: POST /users/login
2018-03-11T13:54:59.619Z: OPTIONS /blogs
2018-03-11T13:54:59.634Z: GET /blogs
2018-03-11T13:55:01.134Z: OPTIONS /users/logout
2018-03-11T13:55:01.139Z: GET /users/logout
2018-03-11T13:55:14.677Z: OPTIONS /blogs
2018-03-11T13:55:14.680Z: OPTIONS /users/logged
2018-03-11T13:55:14.827Z: GET /blogs
2018-03-11T13:55:14.878Z: GET /users/logged
2018-03-11T13:55:17.253Z: GET /blogs
2018-03-11T13:55:17.254Z: GET /users/logged
2018-03-11T13:55:18.936Z: GET /blogs
2018-03-11T13:55:18.937Z: GET /users/logged
2018-03-11T13:55:40.883Z: OPTIONS /users/login
2018-03-11T13:55:40.926Z: POST /users/login
2018-03-11T13:55:41.093Z: OPTIONS /blogs
2018-03-11T13:55:41.113Z: GET /blogs
2018-03-11T13:55:42.225Z: OPTIONS /users/logout
2018-03-11T13:55:42.230Z: GET /users/logout
2018-03-11T13:55:58.671Z: OPTIONS /blogs
2018-03-11T13:55:58.681Z: OPTIONS /users/logged
2018-03-11T13:55:58.842Z: GET /blogs
2018-03-11T13:55:58.897Z: GET /users/logged
2018-03-11T13:56:03.444Z: OPTIONS /users/login
2018-03-11T13:56:03.459Z: POST /users/login
2018-03-11T13:56:03.638Z: GET /blogs
2018-03-11T13:56:04.950Z: OPTIONS /users/logout
2018-03-11T13:56:04.957Z: GET /users/logout
2018-03-11T13:56:25.550Z: OPTIONS /blogs
2018-03-11T13:56:25.563Z: OPTIONS /users/logged
2018-03-11T13:56:25.796Z: GET /blogs
2018-03-11T13:56:25.800Z: GET /users/logged
2018-03-11T13:56:29.839Z: OPTIONS /users/login
2018-03-11T13:56:29.853Z: POST /users/login
2018-03-11T13:56:30.033Z: GET /blogs
2018-03-11T13:56:31.058Z: OPTIONS /users/logout
2018-03-11T13:56:31.064Z: GET /users/logout
2018-03-11T13:56:34.498Z: OPTIONS /blogs
2018-03-11T13:56:34.500Z: OPTIONS /users/logged
2018-03-11T13:56:34.630Z: GET /blogs
2018-03-11T13:56:34.682Z: GET /users/logged
2018-03-11T13:57:37.810Z: OPTIONS /blogs
2018-03-11T13:57:37.812Z: OPTIONS /users/logged
2018-03-11T13:57:37.844Z: GET /blogs
2018-03-11T13:57:37.853Z: GET /users/logged
2018-03-11T13:57:40.712Z: GET /blogs
2018-03-11T13:57:40.717Z: GET /users/logged
2018-03-11T13:57:45.246Z: OPTIONS /users/login
2018-03-11T13:57:45.252Z: POST /users/login
2018-03-11T13:57:45.397Z: OPTIONS /blogs
2018-03-11T13:57:45.416Z: GET /blogs
2018-03-11T13:57:47.084Z: OPTIONS /users/logout
2018-03-11T13:57:47.090Z: GET /users/logout
2018-03-11T13:57:52.723Z: OPTIONS /blogs
2018-03-11T13:57:52.724Z: OPTIONS /users/logged
2018-03-11T13:57:52.856Z: GET /blogs
2018-03-11T13:57:52.859Z: GET /users/logged
2018-03-11T13:58:47.252Z: OPTIONS /blogs
2018-03-11T13:58:47.263Z: OPTIONS /users/logged
2018-03-11T13:58:47.491Z: GET /blogs
2018-03-11T13:58:47.496Z: GET /users/logged
2018-03-11T13:58:55.242Z: OPTIONS /users/login
2018-03-11T13:58:55.271Z: POST /users/login
2018-03-11T13:58:55.459Z: OPTIONS /blogs
2018-03-11T13:58:55.473Z: GET /blogs
2018-03-11T13:58:56.541Z: OPTIONS /users/logout
2018-03-11T13:58:56.547Z: GET /users/logout
2018-03-11T13:59:15.588Z: OPTIONS /blogs
2018-03-11T13:59:15.598Z: OPTIONS /users/logged
2018-03-11T13:59:15.817Z: GET /blogs
2018-03-11T13:59:15.820Z: GET /users/logged
2018-03-11T13:59:21.289Z: OPTIONS /users/login
2018-03-11T13:59:21.323Z: POST /users/login
2018-03-11T13:59:21.506Z: OPTIONS /blogs
2018-03-11T13:59:21.521Z: GET /blogs
2018-03-11T13:59:24.076Z: OPTIONS /users/logout
2018-03-11T13:59:24.084Z: GET /users/logout
2018-03-11T13:59:24.091Z: OPTIONS /login
2018-03-11T13:59:24.095Z: GET /login
2018-03-11T13:59:36.391Z: GET /login
2018-03-11T14:00:05.258Z: OPTIONS /users/logged
2018-03-11T14:00:05.442Z: GET /users/logged
2018-03-11T14:00:09.114Z: OPTIONS /users/login
2018-03-11T14:00:09.135Z: POST /users/login
2018-03-11T14:00:09.311Z: OPTIONS /blogs
2018-03-11T14:00:09.330Z: GET /blogs
2018-03-11T14:00:11.153Z: OPTIONS /users/logout
2018-03-11T14:00:11.160Z: GET /users/logout
2018-03-11T14:00:24.255Z: OPTIONS /blogs
2018-03-11T14:00:24.264Z: OPTIONS /users/logged
2018-03-11T14:00:24.439Z: GET /blogs
2018-03-11T14:00:24.445Z: GET /users/logged
2018-03-11T14:00:31.229Z: OPTIONS /users/login
2018-03-11T14:00:31.263Z: POST /users/login
2018-03-11T14:00:31.457Z: OPTIONS /blogs
2018-03-11T14:00:31.477Z: GET /blogs
2018-03-11T14:00:33.682Z: OPTIONS /users/logged
2018-03-11T14:00:33.684Z: GET /blogs
2018-03-11T14:00:33.827Z: GET /users/logged
2018-03-11T14:00:35.514Z: OPTIONS /users/logout
2018-03-11T14:00:35.521Z: GET /users/logout
2018-03-11T14:00:35.527Z: OPTIONS /login
2018-03-11T14:00:35.531Z: GET /login
2018-03-11T14:00:37.363Z: OPTIONS /blogs
2018-03-11T14:00:37.364Z: GET /users/logged
2018-03-11T14:00:37.505Z: GET /blogs
2018-03-11T14:00:59.457Z: OPTIONS /users/login
2018-03-11T14:00:59.461Z: POST /users/login
2018-03-11T14:00:59.618Z: OPTIONS /blogs
2018-03-11T14:00:59.633Z: GET /blogs
2018-03-11T14:01:03.736Z: OPTIONS /users/logout
2018-03-11T14:01:03.742Z: GET /users/logout
2018-03-11T14:01:03.746Z: OPTIONS /login
2018-03-11T14:01:03.751Z: GET /login
2018-03-11T14:20:57.954Z: OPTIONS /blogs
2018-03-11T14:20:57.956Z: OPTIONS /users/logged
2018-03-11T14:20:58.062Z: GET /blogs
2018-03-11T14:20:58.063Z: GET /users/logged
2018-03-11T14:21:04.591Z: OPTIONS /users/login
2018-03-11T14:21:04.594Z: POST /users/login
2018-03-11T14:21:04.740Z: OPTIONS /blogs
2018-03-11T14:21:04.754Z: GET /blogs
2018-03-11T14:21:11.699Z: OPTIONS /users/logout
2018-03-11T14:21:11.706Z: GET /users/logout
2018-03-11T14:21:11.709Z: OPTIONS /login
2018-03-11T14:21:11.713Z: GET /login
2018-03-11T14:26:44.763Z: OPTIONS /blogs
2018-03-11T14:26:44.764Z: OPTIONS /users/logged
2018-03-11T14:26:46.784Z: GET /blogs
2018-03-11T14:26:46.813Z: GET /users/logged
2018-03-11T14:26:51.658Z: OPTIONS /users/login
2018-03-11T14:26:53.695Z: POST /users/login
2018-03-11T14:26:55.750Z: OPTIONS /blogs
2018-03-11T14:26:57.772Z: GET /blogs
2018-03-11T14:27:01.731Z: OPTIONS /users/logged
2018-03-11T14:27:01.732Z: GET /blogs
2018-03-11T14:27:01.780Z: GET /users/logged
2018-03-11T14:34:19.590Z: OPTIONS /blogs
2018-03-11T14:34:19.604Z: OPTIONS /users/logged
2018-03-11T14:34:19.770Z: GET /blogs
2018-03-11T14:34:19.775Z: GET /users/logged
2018-03-11T14:34:24.304Z: OPTIONS /users/login
2018-03-11T14:34:24.338Z: POST /users/login
2018-03-11T14:34:24.544Z: GET /blogs
2018-03-11T14:34:25.848Z: OPTIONS /users/logout
2018-03-11T14:34:25.858Z: GET /users/logout
2018-03-11T14:34:30.516Z: OPTIONS /blogs
2018-03-11T14:34:30.518Z: OPTIONS /users/logged
2018-03-11T14:34:30.660Z: GET /blogs
2018-03-11T14:34:30.664Z: GET /users/logged
2018-03-11T14:34:48.847Z: OPTIONS /users/login
2018-03-11T14:34:48.854Z: POST /users/login
2018-03-11T14:34:48.994Z: OPTIONS /blogs
2018-03-11T14:34:49.009Z: GET /blogs
2018-03-11T14:35:07.705Z: OPTIONS /users/logout
2018-03-11T14:35:07.712Z: GET /users/logout
2018-03-11T14:35:13.793Z: OPTIONS /blogs
2018-03-11T14:35:13.795Z: OPTIONS /users/logged
2018-03-11T14:35:13.931Z: GET /blogs
2018-03-11T14:35:13.936Z: GET /users/logged
2018-03-11T14:37:46.088Z: OPTIONS /blogs
2018-03-11T14:37:46.090Z: OPTIONS /users/logged
2018-03-11T14:37:46.140Z: GET /blogs
2018-03-11T14:37:46.164Z: GET /users/logged
2018-03-11T14:37:49.581Z: OPTIONS /users/login
2018-03-11T14:37:49.590Z: POST /users/login
2018-03-11T14:37:49.757Z: GET /blogs
2018-03-11T15:09:51.115Z: OPTIONS /blogs
2018-03-11T15:09:51.116Z: OPTIONS /users/logged
2018-03-11T15:09:51.232Z: GET /blogs
2018-03-11T15:09:51.233Z: GET /users/logged
2018-03-11T15:09:59.976Z: OPTIONS /blogs
2018-03-11T15:09:59.980Z: OPTIONS /users/logged
2018-03-11T15:10:00.018Z: GET /blogs
2018-03-11T15:10:00.243Z: GET /users/logged
2018-03-11T15:10:04.150Z: GET /blogs
2018-03-11T15:10:04.153Z: GET /users/logged
2018-03-11T15:35:25.161Z: OPTIONS /blogs
2018-03-11T15:35:25.164Z: OPTIONS /users/logged
2018-03-11T15:35:25.187Z: GET /blogs
2018-03-11T15:35:25.189Z: GET /users/logged
2018-03-11T15:35:28.606Z: OPTIONS /blogs/5aa525538de47f3a6b9b7822
2018-03-11T15:35:28.616Z: DELETE /blogs/5aa525538de47f3a6b9b7822
2018-03-11T15:35:28.644Z: GET /blogs
2018-03-11T15:35:29.661Z: OPTIONS /blogs/5aa532fdfa5fe33bb4d24406
2018-03-11T15:35:29.667Z: DELETE /blogs/5aa532fdfa5fe33bb4d24406
2018-03-11T15:35:29.674Z: GET /blogs
2018-03-11T15:35:30.114Z: OPTIONS /blogs/5aa53307fa5fe33bb4d24407
2018-03-11T15:35:30.123Z: DELETE /blogs/5aa53307fa5fe33bb4d24407
2018-03-11T15:35:30.135Z: GET /blogs
2018-03-11T15:35:30.717Z: OPTIONS /blogs/5aa53f291a1ba93a5ff4dc34
2018-03-11T15:35:30.723Z: DELETE /blogs/5aa53f291a1ba93a5ff4dc34
2018-03-11T15:35:30.728Z: OPTIONS /blogs
2018-03-11T15:35:30.735Z: GET /blogs
2018-03-11T15:35:31.275Z: OPTIONS /blogs/5aa53f2b1a1ba93a5ff4dc35
2018-03-11T15:35:31.281Z: DELETE /blogs/5aa53f2b1a1ba93a5ff4dc35
2018-03-11T15:35:31.293Z: GET /blogs
2018-03-11T15:35:33.862Z: OPTIONS /blogs/5aa53f2f1a1ba93a5ff4dc36
2018-03-11T15:35:33.871Z: DELETE /blogs/5aa53f2f1a1ba93a5ff4dc36
2018-03-11T15:35:33.879Z: GET /blogs
2018-03-11T15:35:34.317Z: OPTIONS /blogs/5aa53f311a1ba93a5ff4dc37
2018-03-11T15:35:34.323Z: DELETE /blogs/5aa53f311a1ba93a5ff4dc37
2018-03-11T15:35:34.329Z: GET /blogs
2018-03-11T15:35:34.938Z: OPTIONS /blogs/5aa53f321a1ba93a5ff4dc38
2018-03-11T15:35:34.944Z: DELETE /blogs/5aa53f321a1ba93a5ff4dc38
2018-03-11T15:35:34.953Z: GET /blogs
2018-03-11T15:35:38.732Z: OPTIONS /users/logout
2018-03-11T15:35:38.737Z: GET /users/logout
2018-03-11T15:35:39.802Z: OPTIONS /blogs
2018-03-11T15:35:39.804Z: OPTIONS /users/logged
2018-03-11T15:35:39.924Z: GET /blogs
2018-03-11T15:35:39.984Z: GET /users/logged
2018-03-11T15:36:08.852Z: OPTIONS /blogs
2018-03-11T15:36:08.853Z: OPTIONS /users/logged
2018-03-11T15:36:08.906Z: GET /blogs
2018-03-11T15:36:08.921Z: GET /users/logged
2018-03-11T15:37:06.696Z: OPTIONS /users/login
2018-03-11T15:37:06.703Z: POST /users/login
2018-03-11T15:37:06.872Z: OPTIONS /blogs
2018-03-11T15:37:06.894Z: GET /blogs
2018-03-11T15:37:18.288Z: OPTIONS /users/logout
2018-03-11T15:37:18.294Z: GET /users/logout
2018-03-11T15:38:06.813Z: OPTIONS /blogs
2018-03-11T15:38:06.826Z: OPTIONS /users/logged
2018-03-11T15:38:07.111Z: GET /blogs
2018-03-11T15:38:07.116Z: GET /users/logged
2018-03-11T15:38:12.292Z: OPTIONS /users/login
2018-03-11T15:38:12.318Z: POST /users/login
2018-03-11T15:38:12.522Z: OPTIONS /blogs
2018-03-11T15:38:12.543Z: GET /blogs
2018-03-11T15:38:14.756Z: OPTIONS /users/logout
2018-03-11T15:38:14.762Z: GET /users/logout
2018-03-11T15:38:14.776Z: OPTIONS /login
2018-03-11T15:38:14.781Z: GET /login
2018-03-11T15:51:28.806Z: OPTIONS /blogs
2018-03-11T15:51:28.807Z: OPTIONS /users/logged
2018-03-11T15:51:29.039Z: GET /blogs
2018-03-11T15:51:29.054Z: GET /users/logged
2018-03-11T15:52:28.829Z: OPTIONS /users/login
2018-03-11T15:52:28.836Z: POST /users/login
2018-03-11T15:52:28.999Z: OPTIONS /blogs
2018-03-11T15:52:29.018Z: GET /blogs
2018-03-11T15:52:53.464Z: OPTIONS /users/logout
2018-03-11T15:52:53.472Z: GET /users/logout
2018-03-11T15:52:53.477Z: OPTIONS /login
2018-03-11T15:52:53.481Z: GET /login
2018-03-11T16:07:10.487Z: OPTIONS /blogs
2018-03-11T16:07:10.491Z: OPTIONS /users/logged
2018-03-11T16:07:10.536Z: GET /blogs
2018-03-11T16:07:10.547Z: GET /users/logged
2018-03-11T16:07:44.877Z: OPTIONS /users/login
2018-03-11T16:07:44.883Z: POST /users/login
2018-03-11T16:07:45.057Z: OPTIONS /blogs
2018-03-11T16:07:45.071Z: GET /blogs
2018-03-11T16:07:47.303Z: OPTIONS /users/logout
2018-03-11T16:07:47.314Z: GET /users/logout
2018-03-11T16:07:47.319Z: OPTIONS /login
2018-03-11T16:07:47.327Z: GET /login
2018-03-11T16:09:04.043Z: OPTIONS /blogs
2018-03-11T16:09:04.048Z: OPTIONS /users/logged
2018-03-11T16:09:04.354Z: GET /blogs
2018-03-11T16:09:04.369Z: GET /users/logged
2018-03-11T16:09:09.268Z: OPTIONS /users/login
2018-03-11T16:09:09.273Z: POST /users/login
2018-03-11T16:09:09.444Z: OPTIONS /blogs
2018-03-11T16:09:09.460Z: GET /blogs
2018-03-11T16:09:22.150Z: OPTIONS /users/logout
2018-03-11T16:09:22.159Z: GET /users/logout
2018-03-11T16:09:22.163Z: OPTIONS /login
2018-03-11T16:09:22.168Z: GET /login
2018-03-11T16:09:49.246Z: OPTIONS /users/logout
2018-03-11T16:09:49.251Z: GET /users/logout
2018-03-11T16:09:49.257Z: OPTIONS /login
2018-03-11T16:09:49.261Z: GET /login
2018-03-11T16:11:04.260Z: OPTIONS /blogs
2018-03-11T16:11:04.274Z: OPTIONS /users/logged
2018-03-11T16:11:04.335Z: GET /blogs
2018-03-11T16:11:04.345Z: GET /users/logged
2018-03-11T16:11:08.371Z: OPTIONS /users/login
2018-03-11T16:11:08.406Z: POST /users/login
2018-03-11T16:11:08.647Z: GET /blogs
2018-03-11T16:11:14.753Z: OPTIONS /users/logout
2018-03-11T16:11:14.759Z: GET /users/logout
2018-03-11T16:16:53.468Z: OPTIONS /blogs
2018-03-11T16:16:53.470Z: OPTIONS /users/logged
2018-03-11T16:16:53.520Z: GET /blogs
2018-03-11T16:16:53.563Z: GET /users/logged
2018-03-11T16:16:58.838Z: OPTIONS /users/login
2018-03-11T16:16:58.851Z: POST /users/login
2018-03-11T16:16:59.042Z: OPTIONS /blogs
2018-03-11T16:16:59.061Z: GET /blogs
2018-03-11T16:17:00.598Z: OPTIONS /users/logout
2018-03-11T16:17:00.645Z: GET /users/logout
2018-03-11T16:17:05.159Z: GET /users/logout
2018-03-11T16:23:23.131Z: OPTIONS /blogs
2018-03-11T16:23:23.133Z: OPTIONS /users/logged
2018-03-11T16:23:23.155Z: GET /blogs
2018-03-11T16:23:23.162Z: GET /users/logged
2018-03-11T16:23:28.293Z: OPTIONS /users/login
2018-03-11T16:23:28.301Z: POST /users/login
2018-03-11T16:23:28.456Z: OPTIONS /blogs
2018-03-11T16:23:28.476Z: GET /blogs
2018-03-11T16:23:30.780Z: OPTIONS /users/logout
2018-03-11T16:23:30.788Z: GET /users/logout
2018-03-11T16:25:46.636Z: OPTIONS /users/logout
2018-03-11T16:25:46.642Z: GET /users/logout
2018-03-11T16:26:50.946Z: OPTIONS /blogs
2018-03-11T16:26:50.950Z: OPTIONS /users/logged
2018-03-11T16:26:51.095Z: GET /blogs
2018-03-11T16:26:51.095Z: GET /users/logged
2018-03-11T16:26:54.535Z: OPTIONS /users/login
2018-03-11T16:26:54.543Z: POST /users/login
2018-03-11T16:26:54.686Z: GET /blogs
2018-03-11T16:26:55.937Z: OPTIONS /users/logout
2018-03-11T16:26:55.952Z: GET /users/logout
2018-03-11T16:27:17.317Z: OPTIONS /blogs
2018-03-11T16:27:17.327Z: OPTIONS /users/logged
2018-03-11T16:27:17.386Z: GET /blogs
2018-03-11T16:27:17.400Z: GET /users/logged
2018-03-11T16:27:25.984Z: OPTIONS /users/login
2018-03-11T16:27:25.992Z: POST /users/login
2018-03-11T16:27:26.164Z: OPTIONS /blogs
2018-03-11T16:27:26.178Z: GET /blogs
2018-03-11T16:27:40.271Z: OPTIONS /users/logout
2018-03-11T16:27:40.277Z: GET /users/logout
2018-03-11T16:27:47.811Z: OPTIONS /users/logout
2018-03-11T16:27:47.816Z: GET /users/logout
2018-03-11T16:28:57.168Z: OPTIONS /blogs
2018-03-11T16:28:57.170Z: OPTIONS /users/logged
2018-03-11T16:28:57.321Z: GET /blogs
2018-03-11T16:28:57.323Z: GET /users/logged
2018-03-11T16:29:09.521Z: OPTIONS /users/login
2018-03-11T16:29:09.527Z: POST /users/login
2018-03-11T16:29:09.668Z: OPTIONS /blogs
2018-03-11T16:29:09.680Z: GET /blogs
2018-03-11T16:36:35.707Z: OPTIONS /blogs
2018-03-11T16:36:35.727Z: OPTIONS /users/logged
2018-03-11T16:36:36.016Z: GET /blogs
2018-03-11T16:36:36.022Z: GET /users/logged
2018-03-11T16:36:44.663Z: OPTIONS /users/login
2018-03-11T16:36:44.701Z: POST /users/login
2018-03-11T16:36:44.874Z: OPTIONS /blogs
2018-03-11T16:36:44.892Z: GET /blogs
2018-03-11T16:36:45.785Z: OPTIONS /users/logout
2018-03-11T16:36:45.790Z: GET /users/logout
2018-03-11T16:38:45.801Z: GET /users/logout
2018-03-11T16:40:39.955Z: OPTIONS /blogs
2018-03-11T16:40:39.969Z: OPTIONS /users/logged
2018-03-11T16:40:40.223Z: GET /blogs
2018-03-11T16:40:40.227Z: GET /users/logged
2018-03-11T16:40:44.405Z: OPTIONS /users/login
2018-03-11T16:40:44.433Z: POST /users/login
2018-03-11T16:40:44.633Z: GET /blogs
2018-03-11T16:40:47.841Z: OPTIONS /users/logout
2018-03-11T16:40:47.849Z: GET /users/logout
2018-03-11T16:40:54.027Z: OPTIONS /users/logout
2018-03-11T16:41:13.076Z: OPTIONS /blogs
2018-03-11T16:41:13.079Z: OPTIONS /users/logged
2018-03-11T16:41:13.132Z: GET /blogs
2018-03-11T16:41:13.135Z: GET /users/logged
2018-03-11T16:42:00.775Z: OPTIONS /blogs
2018-03-11T16:42:00.776Z: OPTIONS /users/logged
2018-03-11T16:42:00.972Z: GET /blogs
2018-03-11T16:42:01.094Z: GET /users/logged
2018-03-11T16:42:08.447Z: OPTIONS /blogs
2018-03-11T16:42:08.449Z: OPTIONS /users/logged
2018-03-11T16:42:08.493Z: GET /blogs
2018-03-11T16:42:08.509Z: GET /users/logged
2018-03-11T16:42:09.728Z: OPTIONS /users/logout
2018-03-11T16:42:09.733Z: GET /users/logout
2018-03-11T16:42:11.453Z: GET /blogs
2018-03-11T16:42:11.464Z: GET /users/logged
2018-03-11T16:42:12.362Z: GET /users/logout
2018-03-11T16:42:13.270Z: GET /blogs
2018-03-11T16:42:13.272Z: GET /users/logged
2018-03-11T16:42:15.263Z: OPTIONS /blogs
2018-03-11T16:42:15.265Z: OPTIONS /users/logged
2018-03-11T16:42:15.429Z: GET /blogs
2018-03-11T16:42:15.436Z: GET /users/logged
2018-03-11T16:42:19.709Z: GET /blogs
2018-03-11T16:42:19.711Z: GET /users/logged
2018-03-11T16:42:21.015Z: OPTIONS /users/logout
2018-03-11T16:42:21.020Z: GET /users/logout
2018-03-11T16:42:31.343Z: OPTIONS /users/logout
2018-03-11T16:42:51.350Z: GET /users/logout
2018-03-11T16:42:57.288Z: OPTIONS /users/logout
2018-03-11T16:42:57.305Z: GET /users/logout
2018-03-11T16:42:59.801Z: OPTIONS /blogs
2018-03-11T16:42:59.804Z: OPTIONS /users/logged
2018-03-11T16:42:59.887Z: GET /blogs
2018-03-11T16:42:59.954Z: GET /users/logged
2018-03-11T16:43:06.298Z: OPTIONS /users/login
2018-03-11T16:43:06.366Z: POST /users/login
2018-03-11T16:43:06.660Z: OPTIONS /blogs
2018-03-11T16:43:06.689Z: GET /blogs
2018-03-11T16:43:07.780Z: OPTIONS /users/logout
2018-03-11T16:43:07.795Z: GET /users/logout
2018-03-11T16:45:14.556Z: OPTIONS /blogs
2018-03-11T16:45:14.567Z: OPTIONS /users/logged
2018-03-11T16:45:14.712Z: GET /blogs
2018-03-11T16:45:14.732Z: GET /users/logged
2018-03-11T16:45:18.703Z: OPTIONS /users/login
2018-03-11T16:45:18.720Z: POST /users/login
2018-03-11T16:45:18.919Z: GET /blogs
2018-03-11T16:45:21.276Z: OPTIONS /users/logout
2018-03-11T16:45:21.287Z: GET /users/logout
2018-03-11T16:45:21.558Z: OPTIONS /blogs
2018-03-11T16:45:21.562Z: OPTIONS /users/logged
2018-03-11T16:45:21.699Z: GET /blogs
2018-03-11T16:45:21.754Z: GET /users/logged
2018-03-11T16:45:34.214Z: OPTIONS /users/login
2018-03-11T16:45:34.219Z: POST /users/login
2018-03-11T16:45:34.372Z: OPTIONS /blogs
2018-03-11T16:45:34.394Z: GET /blogs
2018-03-11T16:45:36.036Z: OPTIONS /users/logout
2018-03-11T16:45:36.042Z: GET /users/logout
2018-03-11T16:45:36.610Z: GET /blogs
2018-03-11T16:45:36.611Z: OPTIONS /users/logged
2018-03-11T16:45:36.664Z: GET /users/logged
2018-03-11T16:49:44.156Z: OPTIONS /users/logged
2018-03-11T16:49:44.242Z: GET /users/logged
2018-03-11T16:49:50.001Z: OPTIONS /users/login
2018-03-11T16:49:50.020Z: POST /users/login
2018-03-11T16:49:50.267Z: OPTIONS /blogs
2018-03-11T16:49:50.288Z: GET /blogs
2018-03-11T16:50:00.568Z: OPTIONS /users/logout
2018-03-11T16:50:00.573Z: GET /users/logout
2018-03-11T16:50:01.190Z: OPTIONS /blogs
2018-03-11T16:50:01.192Z: OPTIONS /users/logged
2018-03-11T16:50:01.287Z: GET /blogs
2018-03-11T16:50:01.289Z: GET /users/logged
2018-03-11T16:52:04.794Z: OPTIONS /users/login
2018-03-11T16:52:04.803Z: POST /users/login
2018-03-11T16:52:04.982Z: OPTIONS /blogs
2018-03-11T16:52:05.016Z: GET /blogs
2018-03-11T21:38:38.646Z: OPTIONS /users/logout
2018-03-11T21:38:38.659Z: GET /users/logout
2018-03-11T21:38:38.832Z: OPTIONS /blogs
2018-03-11T21:38:38.833Z: OPTIONS /users/logged
2018-03-11T21:38:38.860Z: GET /blogs
2018-03-11T21:38:38.946Z: GET /users/logged
2018-03-11T21:38:51.206Z: OPTIONS /users/login
2018-03-11T21:38:51.213Z: POST /users/login
2018-03-11T21:38:51.376Z: OPTIONS /blogs
2018-03-11T21:38:51.387Z: GET /blogs
